<?xml version="1.0" encoding="UTF-8"?>
<testng-results skipped="0" failed="0" ignored="0" total="1" passed="1">
  <reporter-output>
  </reporter-output>
  <suite name="Default suite" duration-ms="52818" started-at="2019-05-01T04:34:25Z" finished-at="2019-05-01T04:35:17Z">
    <groups>
    </groups>
    <test name="Default test" duration-ms="52818" started-at="2019-05-01T04:34:25Z" finished-at="2019-05-01T04:35:17Z">
      <class name="com.qa.test.AddressTest">
        <test-method status="PASS" signature="setUp()[pri:0, instance:com.qa.test.AddressTest@55b7a4e0]" name="setUp" is-config="true" duration-ms="17894" started-at="2019-05-01T10:04:25Z" finished-at="2019-05-01T10:04:42Z">
          <reporter-output>
          </reporter-output>
        </test-method> <!-- setUp -->
        <test-method status="PASS" signature="test()[pri:0, instance:com.qa.test.AddressTest@55b7a4e0]" name="test" duration-ms="33741" started-at="2019-05-01T10:04:42Z" finished-at="2019-05-01T10:05:16Z">
          <reporter-output>
          </reporter-output>
        </test-method> <!-- test -->
        <test-method status="PASS" signature="tearDown()[pri:0, instance:com.qa.test.AddressTest@55b7a4e0]" name="tearDown" is-config="true" duration-ms="1142" started-at="2019-05-01T10:05:16Z" finished-at="2019-05-01T10:05:17Z">
          <reporter-output>
          </reporter-output>
        </test-method> <!-- tearDown -->
      </class> <!-- com.qa.test.AddressTest -->
    </test> <!-- Default test -->
  </suite> <!-- Default suite -->
</testng-results>
